This is pdfTeX, Version 3.1415926-1.40.10 (MiKTeX 2.8) (preloaded format=pdflatex 2009.10.18)  10 JUL 2010 00:22
entering extended mode
**D:/ProjetoDesview/Desview/volume/volumeFinal.tex
(D:/ProjetoDesview/Desview/volume/volumeFinal.tex
LaTeX2e <2009/09/24>
Babel <v3.8l> and hyphenation patterns for english, dumylang, nohyphenation, ge
rman, ngerman, german-x-2009-06-19, ngerman-x-2009-06-19, french, loaded.
(D:\ProjetoDesview\Desview\volume\ti.cls
Document Class: ti 
("C:\Program Files (x86)\MiKTeX 2.8\tex\latex\base\size12.clo"
File: size12.clo 2007/10/19 v1.4h Standard LaTeX file (size option)
)
\c@part=\count79
\c@chapter=\count80
\c@section=\count81
\c@subsection=\count82
\c@subsubsection=\count83
\c@paragraph=\count84
\c@subparagraph=\count85
\c@figure=\count86
\c@table=\count87
\abovecaptionskip=\skip41
\belowcaptionskip=\skip42
\bibindent=\dimen102
)
("C:\Program Files (x86)\MiKTeX 2.8\tex\generic\babel\babel.sty"
Package: babel 2008/07/06 v3.8l The Babel package

*************************************
* Local config file bblopts.cfg used
*
("C:\Program Files (x86)\MiKTeX 2.8\tex\latex\00miktex\bblopts.cfg"
File: bblopts.cfg 2006/07/31 v1.0 MiKTeX 'babel' configuration
)
("C:\Program Files (x86)\MiKTeX 2.8\tex\generic\babel\portuges.ldf"
Language: portuges 2008/03/18 v1.2q Portuguese support from the babel system

("C:\Program Files (x86)\MiKTeX 2.8\tex\generic\babel\babel.def"
File: babel.def 2008/07/06 v3.8l Babel common definitions
\babel@savecnt=\count88
\U@D=\dimen103
)

Package babel Warning: No hyphenation patterns were loaded for
(babel)                the language `Portuguese'
(babel)                I will use the patterns loaded for \language=0 instead.

\l@portuges = a dialect from \language0
\l@brazil = a dialect from \language\l@portuges 
Package babel Info: Making " an active character on input line 145.
) ("C:\Program Files (x86)\MiKTeX 2.8\tex\generic\babel\portuges.ldf"
Language: portuges 2008/03/18 v1.2q Portuguese support from the babel system
\l@brazilian = a dialect from \language\l@portuges 
))
("C:\Program Files (x86)\MiKTeX 2.8\tex\latex\base\inputenc.sty"
Package: inputenc 2008/03/30 v1.1d Input encoding file
\inpenc@prehook=\toks14
\inpenc@posthook=\toks15

("C:\Program Files (x86)\MiKTeX 2.8\tex\latex\base\latin1.def"
File: latin1.def 2008/03/30 v1.1d Input encoding file
))
("C:\Program Files (x86)\MiKTeX 2.8\tex\latex\tools\indentfirst.sty"
Package: indentfirst 1995/11/23 v1.03 Indent first paragraph (DPC)
)
("C:\Program Files (x86)\MiKTeX 2.8\tex\latex\ae\ae.sty"
Package: ae 2001/02/12 1.3 Almost European Computer Modern

("C:\Program Files (x86)\MiKTeX 2.8\tex\latex\base\fontenc.sty"
Package: fontenc 2005/09/27 v1.99g Standard LaTeX package

("C:\Program Files (x86)\MiKTeX 2.8\tex\latex\base\t1enc.def"
File: t1enc.def 2005/09/27 v1.99g Standard LaTeX file
LaTeX Font Info:    Redeclaring font encoding T1 on input line 43.
)
LaTeX Font Info:    Try loading font information for T1+aer on input line 100.

("C:\Program Files (x86)\MiKTeX 2.8\tex\latex\ae\t1aer.fd"
File: t1aer.fd 1997/11/16 Font definitions for T1/aer.
)))
(D:\ProjetoDesview\Desview\volume\multirow.sty
\bigstrutjot=\dimen104
)
("C:\Program Files (x86)\MiKTeX 2.8\tex\latex\a4wide\a4wide.sty"
Package: a4wide 1994/08/30

(D:\ProjetoDesview\Desview\volume\a4.sty
Package: a4 1999/03/03 v1.2f A4 based page layout
))
("C:\Program Files (x86)\MiKTeX 2.8\tex\latex\ams\math\amsmath.sty"
Package: amsmath 2000/07/18 v2.13 AMS math features
\@mathmargin=\skip43

For additional information on amsmath, use the `?' option.
("C:\Program Files (x86)\MiKTeX 2.8\tex\latex\ams\math\amstext.sty"
Package: amstext 2000/06/29 v2.01

("C:\Program Files (x86)\MiKTeX 2.8\tex\latex\ams\math\amsgen.sty"
File: amsgen.sty 1999/11/30 v2.0
\@emptytoks=\toks16
\ex@=\dimen105
))
("C:\Program Files (x86)\MiKTeX 2.8\tex\latex\ams\math\amsbsy.sty"
Package: amsbsy 1999/11/29 v1.2d
\pmbraise@=\dimen106
)
("C:\Program Files (x86)\MiKTeX 2.8\tex\latex\ams\math\amsopn.sty"
Package: amsopn 1999/12/14 v2.01 operator names
)
\inf@bad=\count89
LaTeX Info: Redefining \frac on input line 211.
\uproot@=\count90
\leftroot@=\count91
LaTeX Info: Redefining \overline on input line 307.
\classnum@=\count92
\DOTSCASE@=\count93
LaTeX Info: Redefining \ldots on input line 379.
LaTeX Info: Redefining \dots on input line 382.
LaTeX Info: Redefining \cdots on input line 467.
\Mathstrutbox@=\box26
\strutbox@=\box27
\big@size=\dimen107
LaTeX Font Info:    Redeclaring font encoding OML on input line 567.
LaTeX Font Info:    Redeclaring font encoding OMS on input line 568.
\macc@depth=\count94
\c@MaxMatrixCols=\count95
\dotsspace@=\muskip10
\c@parentequation=\count96
\dspbrk@lvl=\count97
\tag@help=\toks17
\row@=\count98
\column@=\count99
\maxfields@=\count100
\andhelp@=\toks18
\eqnshift@=\dimen108
\alignsep@=\dimen109
\tagshift@=\dimen110
\tagwidth@=\dimen111
\totwidth@=\dimen112
\lineht@=\dimen113
\@envbody=\toks19
\multlinegap=\skip44
\multlinetaggap=\skip45
\mathdisplay@stack=\toks20
LaTeX Info: Redefining \[ on input line 2666.
LaTeX Info: Redefining \] on input line 2667.
)
("C:\Program Files (x86)\MiKTeX 2.8\tex\latex\amsfonts\amssymb.sty"
Package: amssymb 2009/06/22 v3.00

("C:\Program Files (x86)\MiKTeX 2.8\tex\latex\amsfonts\amsfonts.sty"
Package: amsfonts 2009/06/22 v3.00 Basic AMSFonts support
\symAMSa=\mathgroup4
\symAMSb=\mathgroup5
LaTeX Font Info:    Overwriting math alphabet `\mathfrak' in version `bold'
(Font)                  U/euf/m/n --> U/euf/b/n on input line 96.
))
("C:\Program Files (x86)\MiKTeX 2.8\tex\latex\base\latexsym.sty"
Package: latexsym 1998/08/17 v2.2e Standard LaTeX package (lasy symbols)
\symlasy=\mathgroup6
LaTeX Font Info:    Overwriting symbol font `lasy' in version `bold'
(Font)                  U/lasy/m/n --> U/lasy/b/n on input line 47.
)
("C:\Program Files (x86)\MiKTeX 2.8\tex\latex\float\float.sty"
Package: float 2001/11/08 v1.3d Float enhancements (AL)
\c@float@type=\count101
\float@exts=\toks21
\float@box=\box28
\@float@everytoks=\toks22
\@floatcapt=\box29
)
("C:\Program Files (x86)\MiKTeX 2.8\tex\latex\graphics\graphicx.sty"
Package: graphicx 1999/02/16 v1.0f Enhanced LaTeX Graphics (DPC,SPQR)

("C:\Program Files (x86)\MiKTeX 2.8\tex\latex\graphics\keyval.sty"
Package: keyval 1999/03/16 v1.13 key=value parser (DPC)
\KV@toks@=\toks23
)
("C:\Program Files (x86)\MiKTeX 2.8\tex\latex\graphics\graphics.sty"
Package: graphics 2009/02/05 v1.0o Standard LaTeX Graphics (DPC,SPQR)

("C:\Program Files (x86)\MiKTeX 2.8\tex\latex\graphics\trig.sty"
Package: trig 1999/03/16 v1.09 sin cos tan (DPC)
)
("C:\Program Files (x86)\MiKTeX 2.8\tex\latex\00miktex\graphics.cfg"
File: graphics.cfg 2007/01/18 v1.5 graphics configuration of teTeX/TeXLive
)
Package graphics Info: Driver file: pdftex.def on input line 91.

("C:\Program Files (x86)\MiKTeX 2.8\tex\latex\pdftex-def\pdftex.def"
File: pdftex.def 2010/02/14 v0.04n Graphics/color for pdfTeX
\Gread@gobject=\count102
))
\Gin@req@height=\dimen114
\Gin@req@width=\dimen115
)
("C:\Program Files (x86)\MiKTeX 2.8\tex\latex\hyperref\hyperref.sty"
Package: hyperref 2010/05/10 v6.81b Hypertext links for LaTeX

("C:\Program Files (x86)\MiKTeX 2.8\tex\generic\oberdiek\ltxcmds.sty"
Package: ltxcmds 2010/04/26 v1.7 LaTeX kernel commands for general use (HO)
)
("C:\Program Files (x86)\MiKTeX 2.8\tex\generic\oberdiek\kvsetkeys.sty"
Package: kvsetkeys 2010/03/01 v1.9 Key value parser (HO)

("C:\Program Files (x86)\MiKTeX 2.8\tex\generic\oberdiek\infwarerr.sty"
Package: infwarerr 2010/04/08 v1.3 Providing info/warning/message (HO)
)
("C:\Program Files (x86)\MiKTeX 2.8\tex\generic\oberdiek\etexcmds.sty"
Package: etexcmds 2010/01/28 v1.3 Prefix for e-TeX command names (HO)
Package etexcmds Info: Could not find \expanded.
(etexcmds)             That can mean that you are not using pdfTeX 1.50 or
(etexcmds)             that some package has redefined \expanded.
(etexcmds)             In the latter case, load this package earlier.
))
("C:\Program Files (x86)\MiKTeX 2.8\tex\generic\oberdiek\pdfescape.sty"
Package: pdfescape 2010/03/01 v1.9 Provides hex, PDF name and string conversion
s (HO)

("C:\Program Files (x86)\MiKTeX 2.8\tex\generic\oberdiek\pdftexcmds.sty"
Package: pdftexcmds 2010/04/01 v0.9 Utility functions of pdfTeX for LuaTeX (HO)


("C:\Program Files (x86)\MiKTeX 2.8\tex\generic\oberdiek\ifluatex.sty"
Package: ifluatex 2010/03/01 v1.3 Provides the ifluatex switch (HO)
Package ifluatex Info: LuaTeX not detected.
)
Package pdftexcmds Info: LuaTeX not detected.
Package pdftexcmds Info: \pdf@primitive is available.
Package pdftexcmds Info: \pdf@ifprimitive is available.
))
("C:\Program Files (x86)\MiKTeX 2.8\tex\generic\oberdiek\ifpdf.sty"
Package: ifpdf 2010/01/28 v2.1 Provides the ifpdf switch (HO)
Package ifpdf Info: pdfTeX in pdf mode detected.
)
("C:\Program Files (x86)\MiKTeX 2.8\tex\generic\oberdiek\ifvtex.sty"
Package: ifvtex 2010/03/01 v1.5 Switches for detecting VTeX and its modes (HO)
Package ifvtex Info: VTeX not detected.
)
("C:\Program Files (x86)\MiKTeX 2.8\tex\latex\ifxetex\ifxetex.sty"
Package: ifxetex 2009/01/23 v0.5 Provides ifxetex conditional
)
("C:\Program Files (x86)\MiKTeX 2.8\tex\latex\oberdiek\hycolor.sty"
Package: hycolor 2009/12/12 v1.6 Color options of hyperref/bookmark (HO)

("C:\Program Files (x86)\MiKTeX 2.8\tex\latex\oberdiek\xcolor-patch.sty"
Package: xcolor-patch 2009/12/12 xcolor patch
))
("C:\Program Files (x86)\MiKTeX 2.8\tex\latex\oberdiek\letltxmacro.sty"
Package: letltxmacro 2008/06/24 v1.3 Let assignment for LaTeX macros (HO)
)
\@linkdim=\dimen116
\Hy@linkcounter=\count103
\Hy@pagecounter=\count104

("C:\Program Files (x86)\MiKTeX 2.8\tex\latex\hyperref\pd1enc.def"
File: pd1enc.def 2010/05/10 v6.81b Hyperref: PDFDocEncoding definition (HO)
)
("C:\Program Files (x86)\MiKTeX 2.8\tex\generic\oberdiek\intcalc.sty"
Package: intcalc 2007/09/27 v1.1 Expandable integer calculations (HO)
)
("C:\Program Files (x86)\MiKTeX 2.8\tex\latex\00miktex\hyperref.cfg"
File: hyperref.cfg 2002/06/06 v1.2 hyperref configuration of TeXLive
)
("C:\Program Files (x86)\MiKTeX 2.8\tex\latex\oberdiek\kvoptions.sty"
Package: kvoptions 2010/02/22 v3.7 Keyval support for LaTeX options (HO)
)
Package hyperref Info: Hyper figures OFF on input line 3639.
Package hyperref Info: Link nesting OFF on input line 3644.
Package hyperref Info: Hyper index ON on input line 3647.
Package hyperref Info: Plain pages OFF on input line 3654.
Package hyperref Info: Backreferencing OFF on input line 3659.

Implicit mode ON; LaTeX internals redefined
Package hyperref Info: Bookmarks ON on input line 3855.
("C:\Program Files (x86)\MiKTeX 2.8\tex\latex\ltxmisc\url.sty"
\Urlmuskip=\muskip11
Package: url 2006/04/12  ver 3.3  Verb mode for urls, etc.
)
LaTeX Info: Redefining \url on input line 4140.

("C:\Program Files (x86)\MiKTeX 2.8\tex\generic\oberdiek\bitset.sty"
Package: bitset 2007/09/28 v1.0 Data type bit set (HO)

("C:\Program Files (x86)\MiKTeX 2.8\tex\generic\oberdiek\bigintcalc.sty"
Package: bigintcalc 2007/11/11 v1.1 Expandable big integer calculations (HO)
))
\Fld@menulength=\count105
\Field@Width=\dimen117
\Fld@charsize=\dimen118
\Field@toks=\toks24
Package hyperref Info: Hyper figures OFF on input line 5118.
Package hyperref Info: Link nesting OFF on input line 5123.
Package hyperref Info: Hyper index ON on input line 5126.
Package hyperref Info: backreferencing OFF on input line 5133.
Package hyperref Info: Link coloring OFF on input line 5138.
Package hyperref Info: Link coloring with OCG OFF on input line 5143.
Package hyperref Info: PDF/A mode OFF on input line 5148.
LaTeX Info: Redefining \ref on input line 5188.
LaTeX Info: Redefining \pageref on input line 5192.

("C:\Program Files (x86)\MiKTeX 2.8\tex\generic\oberdiek\atbegshi.sty"
Package: atbegshi 2010/03/25 v1.12 At begin shipout hook (HO)
)
\Hy@abspage=\count106
\c@Item=\count107
\c@Hfootnote=\count108
)
* hyperref using default driver hpdftex *
("C:\Program Files (x86)\MiKTeX 2.8\tex\latex\hyperref\hpdftex.def"
File: hpdftex.def 2010/05/10 v6.81b Hyperref driver for pdfTeX

("C:\Program Files (x86)\MiKTeX 2.8\tex\latex\oberdiek\atveryend.sty"
Package: atveryend 2010/03/24 v1.5 Hooks at very end of document (HO)
Package atveryend Info: \enddocument detected (standard).
)
\Fld@listcount=\count109
\c@bookmark@seq@number=\count110

("C:\Program Files (x86)\MiKTeX 2.8\tex\latex\oberdiek\rerunfilecheck.sty"
Package: rerunfilecheck 2010/03/16 v1.6 Rerun checks for auxiliary files (HO)

("C:\Program Files (x86)\MiKTeX 2.8\tex\generic\oberdiek\uniquecounter.sty"
Package: uniquecounter 2009/12/18 v1.1 Provides unlimited unique counter (HO)
)
Package uniquecounter Info: New unique counter `rerunfilecheck' on input line 2
71.
)
\Hy@SectionHShift=\skip46
)
(D:\ProjetoDesview\Desview\volume\volumeFinal.aux
(D:\ProjetoDesview\Desview\volume\abstract.aux)
(D:\ProjetoDesview\Desview\volume\teoria.aux)
(D:\ProjetoDesview\Desview\volume\pratica.aux)
(D:\ProjetoDesview\Desview\volume\bibliografia.aux)
(D:\ProjetoDesview\Desview\volume\anexo.aux

LaTeX Warning: Label `anexo' multiply defined.

) (D:\ProjetoDesview\Desview\volume\manual.aux))
LaTeX Font Info:    Checking defaults for OML/cmm/m/it on input line 22.
LaTeX Font Info:    ... okay on input line 22.
LaTeX Font Info:    Checking defaults for T1/cmr/m/n on input line 22.
LaTeX Font Info:    ... okay on input line 22.
LaTeX Font Info:    Checking defaults for OT1/cmr/m/n on input line 22.
LaTeX Font Info:    ... okay on input line 22.
LaTeX Font Info:    Checking defaults for OMS/cmsy/m/n on input line 22.
LaTeX Font Info:    ... okay on input line 22.
LaTeX Font Info:    Checking defaults for OMX/cmex/m/n on input line 22.
LaTeX Font Info:    ... okay on input line 22.
LaTeX Font Info:    Checking defaults for U/cmr/m/n on input line 22.
LaTeX Font Info:    ... okay on input line 22.
LaTeX Font Info:    Checking defaults for PD1/pdf/m/n on input line 22.
LaTeX Font Info:    ... okay on input line 22.

("C:\Program Files (x86)\MiKTeX 2.8\tex\context\base\supp-pdf.tex"
[Loading MPS to PDF converter (version 2006.09.02).]
\scratchcounter=\count111
\scratchdimen=\dimen119
\scratchbox=\box30
\nofMPsegments=\count112
\nofMParguments=\count113
\everyMPshowfont=\toks25
\MPscratchCnt=\count114
\MPscratchDim=\dimen120
\MPnumerator=\count115
\everyMPtoPDFconversion=\toks26
)
\AtBeginShipoutBox=\box31
Package hyperref Info: Link coloring OFF on input line 22.
 ("C:\Program Files (x86)\MiKTeX 2.8\tex\latex\hyperref\nameref.sty"
Package: nameref 2010/04/30 v2.40 Cross-referencing by name of section

("C:\Program Files (x86)\MiKTeX 2.8\tex\latex\oberdiek\refcount.sty"
Package: refcount 2008/08/11 v3.1 Data extraction from references (HO)
)
("C:\Program Files (x86)\MiKTeX 2.8\tex\generic\oberdiek\gettitlestring.sty"
Package: gettitlestring 2009/12/18 v1.3 Cleanup title references (HO)
)
\c@section@level=\count116
)
LaTeX Info: Redefining \ref on input line 22.
LaTeX Info: Redefining \pageref on input line 22.
LaTeX Info: Redefining \nameref on input line 22.

(D:\ProjetoDesview\Desview\volume\volumeFinal.out)
(D:\ProjetoDesview\Desview\volume\volumeFinal.out)
\@outlinefile=\write3
 [1

{C:/ProgramData/MiKTeX/2.8/pdftex/config/pdftex.map}] [2] (D:\ProjetoDesview\De
sview\volume\abstract.tex
Underfull \hbox (badness 10000) in paragraph at lines 3--6

 []

pdfTeX warning (ext4): destination with the same identifier (name{page.1}) has 
been already used, duplicate ignored
<to be read again> 
                   \relax 
l.7 \end{resumo}
                 [1

]
Underfull \hbox (badness 10000) in paragraph at lines 10--13

 []

pdfTeX warning (ext4): destination with the same identifier (name{page.1}) has 
been already used, duplicate ignored
<to be read again> 
                   \relax 
l.14 \end{abstract}
                    [1]) (D:\ProjetoDesview\Desview\volume\volumeFinal.toc
LaTeX Font Info:    Try loading font information for U+msa on input line 6.

("C:\Program Files (x86)\MiKTeX 2.8\tex\latex\amsfonts\umsa.fd"
File: umsa.fd 2009/06/22 v3.00 AMS symbols A
)
LaTeX Font Info:    Try loading font information for U+msb on input line 6.

("C:\Program Files (x86)\MiKTeX 2.8\tex\latex\amsfonts\umsb.fd"
File: umsb.fd 2009/06/22 v3.00 AMS symbols B
)
LaTeX Font Info:    Try loading font information for U+lasy on input line 6.

("C:\Program Files (x86)\MiKTeX 2.8\tex\latex\base\ulasy.fd"
File: ulasy.fd 1998/08/17 v2.2e LaTeX symbol font definitions
)pdfTeX warning (ext4): destination with the same identifier (name{page.1}) has
 been already used, duplicate ignored
<to be read again> 
                   \relax 
l.31 ...ndo Multi-resolu\c c\~ao}{35}{section.3.7}
                                                   [1


])
\tf@toc=\write4
pdfTeX warning (ext4): destination with the same identifier (name{page.2}) has 
been already used, duplicate ignored
<to be read again> 
                   \relax 
l.38 \listoffigures
                    [2]
! Undefined control sequence.
\MakeUppercase ...ppercaseUnsupportedInPdfStrings 
                                                  
l.38 \listoffigures
                   
The control sequence at the end of the top line
of your error message was never \def'ed. If you have
misspelled it (e.g., `\hobx'), type `I' and the correct
spelling (e.g., `I\hbox'). Otherwise just continue,
and I'll forget about whatever was undefined.

(D:\ProjetoDesview\Desview\volume\volumeFinal.lof [3

])
\tf@lof=\write5
 [4]
! Undefined control sequence.
\MakeUppercase ...ppercaseUnsupportedInPdfStrings 
                                                  
l.39 \listoftables
                  
The control sequence at the end of the top line
of your error message was never \def'ed. If you have
misspelled it (e.g., `\hobx'), type `I' and the correct
spelling (e.g., `I\hbox'). Otherwise just continue,
and I'll forget about whatever was undefined.

(D:\ProjetoDesview\Desview\volume\volumeFinal.lot)
\tf@lot=\write6
 [5

]
! Undefined control sequence.
\MakeUppercase ...ppercaseUnsupportedInPdfStrings 
                                                  
l.40 \listofabbreviations
                         
The control sequence at the end of the top line
of your error message was never \def'ed. If you have
misspelled it (e.g., `\hobx'), type `I' and the correct
spelling (e.g., `I\hbox'). Otherwise just continue,
and I'll forget about whatever was undefined.

(D:\ProjetoDesview\Desview\volume\volumeFinal.loa [6

])
\tf@loa=\write7
 [7]
(D:\ProjetoDesview\Desview\volume\teoria.tex
Cap\'{\i }tulo 1.
[8


] [9] [10]
Cap\'{\i }tulo 2.
[11

]
Overfull \hbox (3.14185pt too wide) in paragraph at lines 79--79
\T1/aer/m/n/12 geométricos|  
 []


Overfull \vbox (1.21399pt too high) detected at line 79
 []


LaTeX Warning: `h' float specifier changed to `ht'.

[12] <imagens-proposta/vis-class.jpg, id=492, 475.02469pt x 236.38312pt>
File: imagens-proposta/vis-class.jpg Graphic file (type jpg)

<use imagens-proposta/vis-class.jpg>
<imagens-proposta/ref-vis.jpg, id=494, 469.755pt x 297.36093pt>
File: imagens-proposta/ref-vis.jpg Graphic file (type jpg)

<use imagens-proposta/ref-vis.jpg>

LaTeX Warning: `h' float specifier changed to `ht'.


LaTeX Warning: `h' float specifier changed to `ht'.

LaTeX Font Info:    Try loading font information for OMS+aer on input line 126.

("C:\Program Files (x86)\MiKTeX 2.8\tex\latex\ae\omsaer.fd"
File: omsaer.fd 1999/12/27
)
LaTeX Font Info:    Font shape `OMS/aer/m/n' in size <12> not available
(Font)              Font shape `OMS/cmsy/m/n' tried instead on input line 126.
 [13] [14 <D:/ProjetoDesview/Desview/volume/imagens-proposta/vis-class.jpg> <D:
/ProjetoDesview/Desview/volume/imagens-proposta/ref-vis.jpg>] [15]
<imagens-relatorio/treemap.jpg, id=516, 248.42813pt x 239.39438pt>
File: imagens-relatorio/treemap.jpg Graphic file (type jpg)

<use imagens-relatorio/treemap.jpg>
<imagens-relatorio/dispersao.jpg, id=520, 304.88907pt x 228.855pt>
File: imagens-relatorio/dispersao.jpg Graphic file (type jpg)

<use imagens-relatorio/dispersao.jpg>
<imagens-tc2/revisao/coordenadasparalelas.jpg, id=526, 341.77687pt x 341.02406p
t>
File: imagens-tc2/revisao/coordenadasparalelas.jpg Graphic file (type jpg)
 <use imagens-tc2/revisao/coordenadasparalelas.jpg> [16] [17 <D:/ProjetoDesview
/Desview/volume/imagens-relatorio/treemap.jpg> <D:/ProjetoDesview/Desview/volum
e/imagens-relatorio/dispersao.jpg>] [18 <D:/ProjetoDesview/Desview/volume/image
ns-tc2/revisao/coordenadasparalelas.jpg>] [19]
<imagens-proposta/fcaps.jpg, id=560, 280.04625pt x 171.64125pt>
File: imagens-proposta/fcaps.jpg Graphic file (type jpg)

<use imagens-proposta/fcaps.jpg> [20 <D:/ProjetoDesview/Desview/volume/imagens-
proposta/fcaps.jpg>]
LaTeX Font Info:    Try loading font information for T1+aett on input line 218.

 ("C:\Program Files (x86)\MiKTeX 2.8\tex\latex\ae\t1aett.fd"
File: t1aett.fd 1997/11/16 Font definitions for T1/aett.
) <imagens-relatorio/mib2-this.jpg, id=572, 365.11406pt x 240.14719pt>
File: imagens-relatorio/mib2-this.jpg Graphic file (type jpg)

<use imagens-relatorio/mib2-this.jpg> [21]

LaTeX Warning: `h' float specifier changed to `ht'.

[22 <D:/ProjetoDesview/Desview/volume/imagens-relatorio/mib2-this.jpg>]
Overfull \hbox (1.87527pt too wide) in paragraph at lines 338--338
[]  \T1/aett/m/n/12 This value should include the full name and version identif
ication of the[] 
 []


Overfull \hbox (8.04323pt too wide) in paragraph at lines 338--338
[]  \T1/aett/m/n/12 system's hardware type, software operating-system and netwo
rking software.[] 
 []

[23] [24] [25] [26] [27]
Cap\'{\i }tulo 3.

Overfull \hbox (10.02289pt too wide) in paragraph at lines 399--400
[]\T1/aer/m/n/12 Visualização e Análise de Da-dos de Mo-ni-to-ra-mento de Sis-t
emas usando Multi-resolução. 
 []

[28

] <imagens-proposta/cacti.png, id=630, 605.26125pt x 269.005pt>
File: imagens-proposta/cacti.png Graphic file (type png)

<use imagens-proposta/cacti.png> [29 <D:/ProjetoDesview/Desview/volume/imagens-
proposta/cacti.png>]
<imagens-relatorio/mrtg.jpg, id=643, 455.45157pt x 545.03625pt>
File: imagens-relatorio/mrtg.jpg Graphic file (type jpg)

<use imagens-relatorio/mrtg.jpg> [30] [31 <D:/ProjetoDesview/Desview/volume/ima
gens-relatorio/mrtg.jpg>]
<imagens-tc2/revisao/nagios.png, id=655, 449.42906pt x 208.52907pt>
File: imagens-tc2/revisao/nagios.png Graphic file (type png)

<use imagens-tc2/revisao/nagios.png>
Overfull \hbox (1.64401pt too wide) in paragraph at lines 462--463
[]\T1/aer/m/n/12 Dentre as fun-cio-na-li-da-des do Open-NMS pode-se citar a de-
scoberta de re-cur-sos e serviços,
 []

[32 <D:/ProjetoDesview/Desview/volume/imagens-tc2/revisao/nagios.png>]
<imagens-tc2/opennms.png, id=667, 338.76563pt x 123.46124pt>
File: imagens-tc2/opennms.png Graphic file (type png)

<use imagens-tc2/opennms.png>
<imagens-proposta/mta.jpg, id=671, 295.85532pt x 159.59625pt>
File: imagens-proposta/mta.jpg Graphic file (type jpg)

<use imagens-proposta/mta.jpg> [33 <D:/ProjetoDesview/Desview/volume/imagens-tc
2/opennms.png (PNG copy)>] [34 <D:/ProjetoDesview/Desview/volume/imagens-propos
ta/mta.jpg>]
<imagens-tc2/revisao/prisma.png, id=687, 413.29407pt x 395.97937pt>
File: imagens-tc2/revisao/prisma.png Graphic file (type png)

<use imagens-tc2/revisao/prisma.png>
Overfull \hbox (8.49464pt too wide) in paragraph at lines 497--497
[]\T1/aer/bx/n/17.28 Visualização e Análise de Da-dos de Mo-ni-to-ra-mento
 []

[35 <D:/ProjetoDesview/Desview/volume/imagens-tc2/revisao/prisma.png (PNG copy)
>] <imagens-relatorio/som.jpg, id=701, 200.75pt x 197.73875pt>
File: imagens-relatorio/som.jpg Graphic file (type jpg)

<use imagens-relatorio/som.jpg>
<imagens-relatorio/mul.png, id=704, 401.5pt x 301.125pt>
File: imagens-relatorio/mul.png Graphic file (type png)

<use imagens-relatorio/mul.png>)

LaTeX Warning: `h' float specifier changed to `ht'.

[36 <D:/ProjetoDesview/Desview/volume/imagens-relatorio/som.jpg>] [37 <D:/Proje
toDesview/Desview/volume/imagens-relatorio/mul.png>]
(D:\ProjetoDesview\Desview\volume\pratica.tex
Cap\'{\i }tulo 4.

Overfull \hbox (1.541pt too wide) in paragraph at lines 19--20
\T1/aer/m/n/12 Java, a bi-blio-teca OpenGL para a ger-ação das rep-re-sen-taçõe
s vi-suais, e a bi-blio-teca SNMP4J
 []

[38



] [39] <imagens-tc2/usecase.jpg, id=755, 774.895pt x 588.1975pt>
File: imagens-tc2/usecase.jpg Graphic file (type jpg)

<use imagens-tc2/usecase.jpg>
Overfull \hbox (22.98393pt too wide) in paragraph at lines 44--45
 [][] 
 []

[40] [41 <D:/ProjetoDesview/Desview/volume/imagens-tc2/usecase.jpg>]
<imagens-tc2/banco.jpg, id=767, 402.00188pt x 419.31656pt>
File: imagens-tc2/banco.jpg Graphic file (type jpg)

<use imagens-tc2/banco.jpg> [42] [43 <D:/ProjetoDesview/Desview/volume/imagens-
tc2/banco.jpg>]
<imagens-tc2/telas/telaprincipal.jpg, id=781, 598.48593pt x 547.2947pt>
File: imagens-tc2/telas/telaprincipal.jpg Graphic file (type jpg)

<use imagens-tc2/telas/telaprincipal.jpg>
<imagens-tc2/telas/inserireqtexto.jpg, id=782, 370.38374pt x 307.90031pt>
File: imagens-tc2/telas/inserireqtexto.jpg Graphic file (type jpg)

<use imagens-tc2/telas/inserireqtexto.jpg>
<imagens-tc2/telas/insercaovariaveisetarefas.jpg, id=783, 654.19406pt x 461.474
06pt>
File: imagens-tc2/telas/insercaovariaveisetarefas.jpg Graphic file (type jpg)
 <use imagens-tc2/telas/insercaovariaveisetarefas.jpg>

LaTeX Warning: `!h' float specifier changed to `!ht'.


LaTeX Warning: `!h' float specifier changed to `!ht'.

[44 <D:/ProjetoDesview/Desview/volume/imagens-tc2/telas/telaprincipal.jpg>]
[45 <D:/ProjetoDesview/Desview/volume/imagens-tc2/telas/inserireqtexto.jpg> <D:
/ProjetoDesview/Desview/volume/imagens-tc2/telas/insercaovariaveisetarefas.jpg>
] [46] [47]
<imagens-tc2/estudo-caso/graficort.jpg, id=808, 880.03781pt x 497.60907pt>
File: imagens-tc2/estudo-caso/graficort.jpg Graphic file (type jpg)

<use imagens-tc2/estudo-caso/graficort.jpg>
<imagens-tc2/estudo-caso/polar.jpg, id=812, 344.78813pt x 336.50719pt>
File: imagens-tc2/estudo-caso/polar.jpg Graphic file (type jpg)

<use imagens-tc2/estudo-caso/polar.jpg>
<imagens-tc2/revisao/bar.png, id=813, 391.4625pt x 202.50656pt>
File: imagens-tc2/revisao/bar.png Graphic file (type png)

<use imagens-tc2/revisao/bar.png>
<imagens-tc2/estudo-caso/linhas.jpg, id=814, 327.47343pt x 182.93344pt>
File: imagens-tc2/estudo-caso/linhas.jpg Graphic file (type jpg)

<use imagens-tc2/estudo-caso/linhas.jpg> [48 <D:/ProjetoDesview/Desview/volume/
imagens-tc2/estudo-caso/graficort.jpg>]

LaTeX Warning: `!h' float specifier changed to `!ht'.

[49 <D:/ProjetoDesview/Desview/volume/imagens-tc2/estudo-caso/polar.jpg> <D:/Pr
ojetoDesview/Desview/volume/imagens-tc2/revisao/bar.png (PNG copy)>]
<imagens-tc2/estudo-caso/2dlinhas1.jpg, id=825, 123.46124pt x 274.77657pt>
File: imagens-tc2/estudo-caso/2dlinhas1.jpg Graphic file (type jpg)

<use imagens-tc2/estudo-caso/2dlinhas1.jpg>
<imagens-tc2/estudo-caso/espiriais.jpg, id=826, 256.70906pt x 241.65282pt>
File: imagens-tc2/estudo-caso/espiriais.jpg Graphic file (type jpg)

<use imagens-tc2/estudo-caso/espiriais.jpg>

LaTeX Warning: `!h' float specifier changed to `!ht'.


LaTeX Warning: `!h' float specifier changed to `!ht'.

<imagens-tc2/estudo-caso/3d2.jpg, id=829, 352.31625pt x 271.0125pt>
File: imagens-tc2/estudo-caso/3d2.jpg Graphic file (type jpg)

<use imagens-tc2/estudo-caso/3d2.jpg> [50 <D:/ProjetoDesview/Desview/volume/ima
gens-tc2/estudo-caso/linhas.jpg>] [51 <D:/ProjetoDesview/Desview/volume/imagens
-tc2/estudo-caso/2dlinhas1.jpg> <D:/ProjetoDesview/Desview/volume/imagens-tc2/e
studo-caso/espiriais.jpg>]
<imagens-tc2/revisao/3d2.png, id=839, 429.10312pt x 227.34938pt>
File: imagens-tc2/revisao/3d2.png Graphic file (type png)

<use imagens-tc2/revisao/3d2.png> [52 <D:/ProjetoDesview/Desview/volume/imagens
-tc2/estudo-caso/3d2.jpg> <D:/ProjetoDesview/Desview/volume/imagens-tc2/revisao
/3d2.png (PNG copy)>]
Cap\'{\i }tulo 5.
) [53

] (D:\ProjetoDesview\Desview\volume\bibliografia.tex [54



]
Underfull \hbox (badness 5519) in paragraph at lines 55--56
[]\T1/aer/m/n/12 NetBeans (2009). \T1/aer/bx/n/12 Net-Beans\T1/aer/m/n/12 . Ace
sso em 10 de out-ubro de 2009, em:
 []


Underfull \hbox (badness 1248) in paragraph at lines 61--62
\T1/aer/m/n/12 Acesso em 10 de out-ubro de 2009, em: http://jude.change-vision.
com/jude-
 []


Underfull \hbox (badness 10000) in paragraph at lines 73--74
[]\T1/aer/m/n/12 RDI - Rede de In-for-mática (2009). \T1/aer/bx/n/12 Prisma - V
i-sual Busi-
 []


Underfull \hbox (badness 10000) in paragraph at lines 73--74
\T1/aer/bx/n/12 ness In-tel-li-gence\T1/aer/m/n/12 . Acesso em 11 de out-ubro d
e 2009, em:
 []

[55]
Underfull \hbox (badness 1796) in paragraph at lines 107--109
\T1/aer/bx/n/12 dows and web ap-pli-ca-tions\T1/aer/m/n/12 . Acesso em 20 de no
vem-bro de 2009, em:
 []


Underfull \hbox (badness 1371) in paragraph at lines 114--116
[]\T1/aer/m/n/12 Quartz. \T1/aer/bx/n/12 Quartz - Job sched-uler\T1/aer/m/n/12 
. Acesso em 16 de junho de 2010, em:
 []

) [56] (D:\ProjetoDesview\Desview\volume\anexo.tex
<imagens-tc2/atividades/atualizarequipamentos.jpg, id=862, 662.475pt x 769.8762
5pt>
File: imagens-tc2/atividades/atualizarequipamentos.jpg Graphic file (type jpg)
 <use imagens-tc2/atividades/atualizarequipamentos.jpg>
<imagens-tc2/atividades/atualizarparametros.jpg, id=863, 662.475pt x 718.685pt>
File: imagens-tc2/atividades/atualizarparametros.jpg Graphic file (type jpg)
<use imagens-tc2/atividades/atualizarparametros.jpg>
<imagens-tc2/atividades/atualizartarefas.jpg, id=864, 662.475pt x 769.87625pt>
File: imagens-tc2/atividades/atualizartarefas.jpg Graphic file (type jpg)

<use imagens-tc2/atividades/atualizartarefas.jpg>
<imagens-tc2/atividades/atualizarvariaveis.jpg, id=865, 662.475pt x 750.805pt>
File: imagens-tc2/atividades/atualizarvariaveis.jpg Graphic file (type jpg)

<use imagens-tc2/atividades/atualizarvariaveis.jpg>
<imagens-tc2/atividades/cadastrarvariaveis.jpg, id=866, 662.475pt x 769.87625pt
>
File: imagens-tc2/atividades/cadastrarvariaveis.jpg Graphic file (type jpg)
 <use imagens-tc2/atividades/cadastrarvariaveis.jpg>
<imagens-tc2/atividades/consultardados.jpg, id=867, 740.7675pt x 615.29875pt>
File: imagens-tc2/atividades/consultardados.jpg Graphic file (type jpg)

<use imagens-tc2/atividades/consultardados.jpg>
<imagens-tc2/atividades/criartarefas.jpg, id=868, 665.48625pt x 750.805pt>
File: imagens-tc2/atividades/criartarefas.jpg Graphic file (type jpg)

<use imagens-tc2/atividades/criartarefas.jpg>
<imagens-tc2/atividades/estabelecerparametros.jpg, id=869, 668.4975pt x 748.797
5pt>
File: imagens-tc2/atividades/estabelecerparametros.jpg Graphic file (type jpg)
 <use imagens-tc2/atividades/estabelecerparametros.jpg>
<imagens-tc2/atividades/excluirequipamentos.jpg, id=870, 662.475pt x 803.0pt>
File: imagens-tc2/atividades/excluirequipamentos.jpg Graphic file (type jpg)

<use imagens-tc2/atividades/excluirequipamentos.jpg>
<imagens-tc2/atividades/excluirtarefas.jpg, id=871, 662.475pt x 803.0pt>
File: imagens-tc2/atividades/excluirtarefas.jpg Graphic file (type jpg)

<use imagens-tc2/atividades/excluirtarefas.jpg>
<imagens-tc2/atividades/excluirvariaveis.jpg, id=872, 662.475pt x 786.94pt>
File: imagens-tc2/atividades/excluirvariaveis.jpg Graphic file (type jpg)

<use imagens-tc2/atividades/excluirvariaveis.jpg>
<imagens-tc2/atividades/exportardados.jpg, id=873, 662.475pt x 626.34pt>
File: imagens-tc2/atividades/exportardados.jpg Graphic file (type jpg)

<use imagens-tc2/atividades/exportardados.jpg>
<imagens-tc2/atividades/gerargraficos.jpg, id=874, 662.475pt x 691.58376pt>
File: imagens-tc2/atividades/gerargraficos.jpg Graphic file (type jpg)

<use imagens-tc2/atividades/gerargraficos.jpg>
<imagens-tc2/atividades/iniciartarefas.jpg, id=875, 662.475pt x 601.24625pt>
File: imagens-tc2/atividades/iniciartarefas.jpg Graphic file (type jpg)

<use imagens-tc2/atividades/iniciartarefas.jpg>
<imagens-tc2/atividades/inserirequipamentos.jpg, id=876, 665.48625pt x 750.805p
t>
File: imagens-tc2/atividades/inserirequipamentos.jpg Graphic file (type jpg)
 <use imagens-tc2/atividades/inserirequipamentos.jpg>
<imagens-tc2/atividades/parartarefas.jpg, id=877, 662.475pt x 601.24625pt>
File: imagens-tc2/atividades/parartarefas.jpg Graphic file (type jpg)

<use imagens-tc2/atividades/parartarefas.jpg> [57



 <D:/ProjetoDesview/Desview/volume/imagens-tc2/atividades/atualizarequipamentos
.jpg>] [58 <D:/ProjetoDesview/Desview/volume/imagens-tc2/atividades/atualizarpa
rametros.jpg>] [59 <D:/ProjetoDesview/Desview/volume/imagens-tc2/atividades/atu
alizartarefas.jpg>] [60 <D:/ProjetoDesview/Desview/volume/imagens-tc2/atividade
s/atualizarvariaveis.jpg>]
[61 <D:/ProjetoDesview/Desview/volume/imagens-tc2/atividades/cadastrarvariaveis
.jpg>] [62 <D:/ProjetoDesview/Desview/volume/imagens-tc2/atividades/consultarda
dos.jpg>] [63 <D:/ProjetoDesview/Desview/volume/imagens-tc2/atividades/criartar
efas.jpg>] [64 <D:/ProjetoDesview/Desview/volume/imagens-tc2/atividades/estabel
ecerparametros.jpg>] [65 <D:/ProjetoDesview/Desview/volume/imagens-tc2/atividad
es/excluirequipamentos.jpg>] [66 <D:/ProjetoDesview/Desview/volume/imagens-tc2/
atividades/excluirtarefas.jpg>] [67 <D:/ProjetoDesview/Desview/volume/imagens-t
c2/atividades/excluirvariaveis.jpg>] [68 <D:/ProjetoDesview/Desview/volume/imag
ens-tc2/atividades/exportardados.jpg>] [69 <D:/ProjetoDesview/Desview/volume/im
agens-tc2/atividades/gerargraficos.jpg>] [70 <D:/ProjetoDesview/Desview/volume/
imagens-tc2/atividades/iniciartarefas.jpg>] [71 <D:/ProjetoDesview/Desview/volu
me/imagens-tc2/atividades/inserirequipamentos.jpg>] [72 <D:/ProjetoDesview/Desv
iew/volume/imagens-tc2/atividades/parartarefas.jpg>]
<imagens-tc2/classes/allclasses.jpg, id=953, 830.35219pt x 1658.44594pt>
File: imagens-tc2/classes/allclasses.jpg Graphic file (type jpg)

<use imagens-tc2/classes/allclasses.jpg>
<imagens-tc2/classes/model.jpg, id=954, 738.76pt x 746.79pt>
File: imagens-tc2/classes/model.jpg Graphic file (type jpg)

<use imagens-tc2/classes/model.jpg>
<imagens-tc2/classes/controller.jpg, id=955, 496.85625pt x 376.40625pt>
File: imagens-tc2/classes/controller.jpg Graphic file (type jpg)

<use imagens-tc2/classes/controller.jpg>
<imagens-tc2/classes/util.jpg, id=956, 692.5875pt x 706.64pt>
File: imagens-tc2/classes/util.jpg Graphic file (type jpg)

<use imagens-tc2/classes/util.jpg>
<imagens-tc2/classes/graphics.jpg, id=957, 719.68875pt x 732.7375pt>
File: imagens-tc2/classes/graphics.jpg Graphic file (type jpg)

<use imagens-tc2/classes/graphics.jpg>
<imagens-tc2/classes/charts.jpg, id=958, 839.135pt x 680.5425pt>
File: imagens-tc2/classes/charts.jpg Graphic file (type jpg)

<use imagens-tc2/classes/charts.jpg>
<imagens-tc2/classes/view.jpg, id=959, 767.86874pt x 728.7225pt>
File: imagens-tc2/classes/view.jpg Graphic file (type jpg)

<use imagens-tc2/classes/view.jpg>) [73

] [74 <D:/ProjetoDesview/Desview/volume/imagens-tc2/classes/allclasses.jpg>] [7
5 <D:/ProjetoDesview/Desview/volume/imagens-tc2/classes/model.jpg>] [76 <D:/Pro
jetoDesview/Desview/volume/imagens-tc2/classes/controller.jpg>] [77 <D:/Projeto
Desview/Desview/volume/imagens-tc2/classes/util.jpg>] [78 <D:/ProjetoDesview/De
sview/volume/imagens-tc2/classes/graphics.jpg>] [79 <D:/ProjetoDesview/Desview/
volume/imagens-tc2/classes/charts.jpg>]
[80 <D:/ProjetoDesview/Desview/volume/imagens-tc2/classes/view.jpg>]
(D:\ProjetoDesview\Desview\volume\manual.tex
<imagens-tc2/manual/login.jpg, id=995, 283.81032pt x 249.18094pt>
File: imagens-tc2/manual/login.jpg Graphic file (type jpg)

<use imagens-tc2/manual/login.jpg>
<imagens-tc2/manual/telaprincipal.jpg, id=998, 595.47469pt x 544.28343pt>
File: imagens-tc2/manual/telaprincipal.jpg Graphic file (type jpg)

<use imagens-tc2/manual/telaprincipal.jpg>
<imagens-tc2/manual/inserir-equip.jpg, id=999, 187.45032pt x 115.93312pt>
File: imagens-tc2/manual/inserir-equip.jpg Graphic file (type jpg)

<use imagens-tc2/manual/inserir-equip.jpg> [81



 <D:/ProjetoDesview/Desview/volume/imagens-tc2/manual/login.jpg>] [82 <D:/Proje
toDesview/Desview/volume/imagens-tc2/manual/telaprincipal.jpg> <D:/ProjetoDesvi
ew/Desview/volume/imagens-tc2/manual/inserir-equip.jpg>]
<imagens-tc2/manual/inserir-equipamento.jpg, id=1016, 365.86688pt x 307.1475pt>
File: imagens-tc2/manual/inserir-equipamento.jpg Graphic file (type jpg)
<use imagens-tc2/manual/inserir-equipamento.jpg>
<imagens-tc2/manual/inserirtarefa.jpg, id=1017, 658.71094pt x 464.4853pt>
File: imagens-tc2/manual/inserirtarefa.jpg Graphic file (type jpg)

<use imagens-tc2/manual/inserirtarefa.jpg>
<imagens-tc2/manual/thresholds.jpg, id=1018, 258.9675pt x 145.29282pt>
File: imagens-tc2/manual/thresholds.jpg Graphic file (type jpg)

<use imagens-tc2/manual/thresholds.jpg>
<imagens-tc2/manual/editar.jpg, id=1020, 174.6525pt x 120.45pt>
File: imagens-tc2/manual/editar.jpg Graphic file (type jpg)

<use imagens-tc2/manual/editar.jpg> [83 <D:/ProjetoDesview/Desview/volume/image
ns-tc2/manual/inserir-equipamento.jpg> <D:/ProjetoDesview/Desview/volume/imagen
s-tc2/manual/inserirtarefa.jpg>]
<imagens-tc2/manual/remover.jpg, id=1029, 162.6075pt x 111.41624pt>
File: imagens-tc2/manual/remover.jpg Graphic file (type jpg)

<use imagens-tc2/manual/remover.jpg>
<imagens-tc2/manual/removerequipamento.jpg, id=1030, 359.84438pt x 278.54062pt>
File: imagens-tc2/manual/removerequipamento.jpg Graphic file (type jpg)
<use imagens-tc2/manual/removerequipamento.jpg>
<imagens-tc2/manual/botoes.jpg, id=1032, 423.83344pt x 42.1575pt>
File: imagens-tc2/manual/botoes.jpg Graphic file (type jpg)

<use imagens-tc2/manual/botoes.jpg> [84 <D:/ProjetoDesview/Desview/volume/image
ns-tc2/manual/thresholds.jpg> <D:/ProjetoDesview/Desview/volume/imagens-tc2/man
ual/editar.jpg>]
<imagens-tc2/manual/telaexport.jpg, id=1041, 263.48438pt x 197.23688pt>
File: imagens-tc2/manual/telaexport.jpg Graphic file (type jpg)

<use imagens-tc2/manual/telaexport.jpg>

LaTeX Warning: `!h' float specifier changed to `!ht'.

[85 <D:/ProjetoDesview/Desview/volume/imagens-tc2/manual/remover.jpg> <D:/Proje
toDesview/Desview/volume/imagens-tc2/manual/removerequipamento.jpg> <D:/Projeto
Desview/Desview/volume/imagens-tc2/manual/botoes.jpg>]
<imagens-tc2/manual/visulizations.jpg, id=1048, 162.6075pt x 258.21469pt>
File: imagens-tc2/manual/visulizations.jpg Graphic file (type jpg)

<use imagens-tc2/manual/visulizations.jpg>

LaTeX Warning: `!h' float specifier changed to `!ht'.


<imagens-tc2/manual/escolhavariaveisrt.jpg, id=1049, 484.81125pt x 296.60812pt>
File: imagens-tc2/manual/escolhavariaveisrt.jpg Graphic file (type jpg)
<use imagens-tc2/manual/escolhavariaveisrt.jpg>
<imagens-tc2/manual/rt.jpg, id=1050, 892.08281pt x 423.83344pt>
File: imagens-tc2/manual/rt.jpg Graphic file (type jpg)

<use imagens-tc2/manual/rt.jpg>

LaTeX Warning: `!h' float specifier changed to `!ht'.


LaTeX Warning: `!h' float specifier changed to `!ht'.


<imagens-tc2/manual/selecaotasklinhaseespirais.jpg, id=1053, 244.66406pt x 240.
9pt>
File: imagens-tc2/manual/selecaotasklinhaseespirais.jpg Graphic file (type jpg)

 <use imagens-tc2/manual/selecaotasklinhaseespirais.jpg>
<imagens-tc2/manual/linhas-espirais.jpg, id=1054, 172.39406pt x 246.9225pt>
File: imagens-tc2/manual/linhas-espirais.jpg Graphic file (type jpg)

<use imagens-tc2/manual/linhas-espirais.jpg>

LaTeX Warning: `!h' float specifier changed to `!ht'.


LaTeX Warning: `!h' float specifier changed to `!ht'.

<imagens-tc2/estudo-caso/3d1.jpg, id=1059, 310.15875pt x 335.00156pt>
File: imagens-tc2/estudo-caso/3d1.jpg Graphic file (type jpg)

<use imagens-tc2/estudo-caso/3d1.jpg>
File: imagens-tc2/estudo-caso/3d2.jpg Graphic file (type jpg)
 <use imagens-tc2/estudo-caso/3d2.jpg>
File: imagens-tc2/revisao/3d2.png Graphic file (type png)

<use imagens-tc2/revisao/3d2.png>) [86 <D:/ProjetoDesview/Desview/volume/imagen
s-tc2/manual/telaexport.jpg>] [87 <D:/ProjetoDesview/Desview/volume/imagens-tc2
/manual/visulizations.jpg> <D:/ProjetoDesview/Desview/volume/imagens-tc2/manual
/escolhavariaveisrt.jpg>] [88 <D:/ProjetoDesview/Desview/volume/imagens-tc2/man
ual/rt.jpg> <D:/ProjetoDesview/Desview/volume/imagens-tc2/manual/selecaotasklin
haseespirais.jpg>] [89 <D:/ProjetoDesview/Desview/volume/imagens-tc2/manual/lin
has-espirais.jpg> <D:/ProjetoDesview/Desview/volume/imagens-tc2/estudo-caso/3d1
.jpg>] [90]
Package atveryend Info: Empty hook `BeforeClearDocument' on input line 52.
Package atveryend Info: Empty hook `AfterLastShipout' on input line 52.
 (D:\ProjetoDesview\Desview\volume\volumeFinal.aux
(D:\ProjetoDesview\Desview\volume\abstract.aux)
(D:\ProjetoDesview\Desview\volume\teoria.aux)
(D:\ProjetoDesview\Desview\volume\pratica.aux)
(D:\ProjetoDesview\Desview\volume\bibliografia.aux)
(D:\ProjetoDesview\Desview\volume\anexo.aux)
(D:\ProjetoDesview\Desview\volume\manual.aux))
Package atveryend Info: Executing hook `AtVeryEndDocument' on input line 52.
Package rerunfilecheck Info: File `volumeFinal.out' has not changed.
(rerunfilecheck)             Checksum: 4EAC29481CAF4FBA4744E8A670F9CC83;2826.


LaTeX Warning: There were multiply-defined labels.

 )
(\end occurred when \iffalse on line 423 was incomplete) 
Here is how much of TeX's memory you used:
 7149 strings out of 495285
 109701 string characters out of 3179868
 192406 words of memory out of 3000000
 9722 multiletter control sequences out of 15000+200000
 41084 words of font info for 85 fonts, out of 3000000 for 9000
 62 hyphenation exceptions out of 8191
 31i,10n,30p,1320b,445s stack positions out of 5000i,500n,10000p,200000b,50000s
<C:/Program Files (x86)
/MiKTeX 2.8/fonts/type1/public/amsfonts/cm/cmbx12.pfb><C:/Program Files (x86)/M
iKTeX 2.8/fonts/type1/public/amsfonts/cm/cmbxti10.pfb><C:/Program Files (x86)/M
iKTeX 2.8/fonts/type1/public/amsfonts/cm/cmr12.pfb><C:/Program Files (x86)/MiKT
eX 2.8/fonts/type1/public/amsfonts/cm/cmr8.pfb><C:/Program Files (x86)/MiKTeX 2
.8/fonts/type1/public/amsfonts/cm/cmsl12.pfb><C:/Program Files (x86)/MiKTeX 2.8
/fonts/type1/public/amsfonts/cm/cmsy10.pfb><C:/Program Files (x86)/MiKTeX 2.8/f
onts/type1/public/amsfonts/cm/cmti12.pfb><C:/Program Files (x86)/MiKTeX 2.8/fon
ts/type1/public/amsfonts/cm/cmtt12.pfb>
Output written on volumeFinal.pdf (94 pages, 4460762 bytes).
PDF statistics:
 1172 PDF objects out of 1200 (max. 8388607)
 262 named destinations out of 1000 (max. 500000)
 661 words of extra memory for PDF output out of 10000 (max. 10000000)

