\BOOKMARK [0][-]{chapter*.2}{Lista de Figuras}{}% 1
\BOOKMARK [0][-]{chapter*.3}{Lista de Tabelas}{}% 2
\BOOKMARK [0][-]{chapter*.4}{Lista de S\355mbolos e Abreviaturas}{}% 3
\BOOKMARK [0][-]{chapter.1}{Introdu\347\343o}{}% 4
\BOOKMARK [1][-]{section.1.1}{Contextualiza\347\343o}{chapter.1}% 5
\BOOKMARK [1][-]{section.1.2}{Motiva\347\343o}{chapter.1}% 6
\BOOKMARK [1][-]{section.1.3}{Objetivos}{chapter.1}% 7
\BOOKMARK [1][-]{section.1.4}{Organiza\347\343o do texto}{chapter.1}% 8
\BOOKMARK [0][-]{chapter.2}{Fundamenta\347\343o Te\363rica}{}% 9
\BOOKMARK [1][-]{section.2.1}{Visualiza\347\343o de Informa\347\365es}{chapter.2}% 10
\BOOKMARK [2][-]{subsection.2.1.1}{Introdu\347\343o}{section.2.1}% 11
\BOOKMARK [2][-]{subsection.2.1.2}{Dados e Representa\347\365es Visuais}{section.2.1}% 12
\BOOKMARK [2][-]{subsection.2.1.3}{Modelo de Refer\352ncia de Visualiza\347\343o}{section.2.1}% 13
\BOOKMARK [2][-]{subsection.2.1.4}{Vantagens}{section.2.1}% 14
\BOOKMARK [2][-]{subsection.2.1.5}{Aplica\347\365es}{section.2.1}% 15
\BOOKMARK [2][-]{subsection.2.1.6}{T\351cnicas}{section.2.1}% 16
\BOOKMARK [1][-]{section.2.2}{Ger\352ncia de Redes de Computadores}{chapter.2}% 17
\BOOKMARK [2][-]{subsection.2.2.1}{Introdu\347\343o}{section.2.2}% 18
\BOOKMARK [2][-]{subsection.2.2.2}{Arquitetura de Gerenciamento}{section.2.2}% 19
\BOOKMARK [2][-]{subsection.2.2.3}{MIB}{section.2.2}% 20
\BOOKMARK [2][-]{subsection.2.2.4}{Protocolo SNMP}{section.2.2}% 21
\BOOKMARK [2][-]{subsection.2.2.5}{Gerenciamento de Desempenho}{section.2.2}% 22
\BOOKMARK [0][-]{chapter.3}{Trabalhos Relacionados}{}% 23
\BOOKMARK [1][-]{section.3.1}{Cacti}{chapter.3}% 24
\BOOKMARK [1][-]{section.3.2}{MRTG}{chapter.3}% 25
\BOOKMARK [1][-]{section.3.3}{Nagios}{chapter.3}% 26
\BOOKMARK [1][-]{section.3.4}{OpenNMS}{chapter.3}% 27
\BOOKMARK [1][-]{section.3.5}{Ferramenta Management Traffic Analyzer}{chapter.3}% 28
\BOOKMARK [1][-]{section.3.6}{Ferramenta Prisma}{chapter.3}% 29
\BOOKMARK [1][-]{section.3.7}{Visualiza\347\343o e An\341lise de Dados de Monitoramento de Sistemas usando Multi-resolu\347\343o}{chapter.3}% 30
\BOOKMARK [0][-]{chapter.4}{Descri\347\343o do Desview}{}% 31
\BOOKMARK [1][-]{section.4.1}{Introdu\347\343o}{chapter.4}% 32
\BOOKMARK [1][-]{section.4.2}{Ambiente de desenvolvimento}{chapter.4}% 33
\BOOKMARK [1][-]{section.4.3}{Modelagem do prot\363tipo}{chapter.4}% 34
\BOOKMARK [1][-]{section.4.4}{Interface e funcionalidades}{chapter.4}% 35
\BOOKMARK [1][-]{section.4.5}{Implementa\347\343o}{chapter.4}% 36
\BOOKMARK [2][-]{subsection.4.5.1}{Infraestrutura do sistema}{section.4.5}% 37
\BOOKMARK [2][-]{subsection.4.5.2}{Visualiza\347\365es}{section.4.5}% 38
\BOOKMARK [1][-]{section.4.6}{Estudo de caso}{chapter.4}% 39
\BOOKMARK [0][-]{chapter.5}{Conclus\365es e trabalhos futuros}{}% 40
